<?xml version="1.0" encoding="UTF-8"?>
<Site BuildName="Linux-c++"
	BuildStamp="20250815-0139-Experimental"
	Name="LXD-zhong-duanchutian-s1"
	Generator="ctest-3.16.3"
	CompilerName="/usr/bin/c++"
	CompilerVersion="9.4.0"
	OSName="Linux"
	Hostname="LXD-zhong-duanchutian-s1"
	OSRelease="5.4.0-216-generic"
	OSVersion="#236-Ubuntu SMP Fri Apr 11 19:53:21 UTC 2025"
	OSPlatform="x86_64"
	Is64Bits="1"
	VendorString="GenuineIntel"
	VendorID="Intel Corporation"
	FamilyID="6"
	ModelID="85"
	ProcessorCacheSize="22528"
	NumberOfLogicalCPU="64"
	NumberOfPhysicalCPU="32"
	TotalVirtualMemory="0"
	TotalPhysicalMemory="257592"
	LogicalProcessorsPerPhysical="2"
	ProcessorClockFrequency="2991.69"
	>
	<Testing>
		<StartDateTime>Aug 15 10:20 UTC</StartDateTime>
		<StartTestTime>1755253247</StartTestTime>
		<TestList/>
		<EndDateTime>Aug 15 10:20 UTC</EndDateTime>
		<EndTestTime>1755253247</EndTestTime>
		<ElapsedMinutes>0</ElapsedMinutes>
	</Testing>
</Site>
